#
# There is insufficient memory for the Java Runtime Environment to continue.
# Native memory allocation (malloc) failed to allocate 1081008 bytes. Error detail: Chunk::new
# Possible reasons:
#   The system is out of physical RAM or swap space
#   This process is running with CompressedOops enabled, and the Java Heap may be blocking the growth of the native heap
# Possible solutions:
#   Reduce memory load on the system
#   Increase physical memory or swap space
#   Check if swap backing store is full
#   Decrease Java heap size (-Xmx/-Xms)
#   Decrease number of Java threads
#   Decrease Java thread stack sizes (-Xss)
#   Set larger code cache with -XX:ReservedCodeCacheSize=
#   JVM is running with Unscaled Compressed Oops mode in which the Java heap is
#     placed in the first 4GB address space. The Java Heap base address is the
#     maximum limit for the native heap growth. Please use -XX:HeapBaseMinAddress
#     to set the Java Heap base and to place the Java Heap above 4GB virtual address.
# This output file may be truncated or incomplete.
#
#  Out of Memory Error (arena.cpp:149), pid=25816, tid=15872
#
# JRE version: Java(TM) SE Runtime Environment (23.0.1+11) (build 23.0.1+11-39)
# Java VM: Java HotSpot(TM) 64-Bit Server VM (23.0.1+11-39, mixed mode, sharing, tiered, compressed oops, compressed class ptrs, g1 gc, windows-amd64)
# No core dump will be written. Minidumps are not enabled by default on client versions of Windows
#

---------------  S U M M A R Y ------------

Command Line: --enable-native-access=ALL-UNNAMED -Dclassworlds.conf=C:\Users\Anand Vaghela\.m2\wrapper\dists\apache-maven-3.9.12\59fe215c0ad6947fea90184bf7add084544567b927287592651fda3782e0e798\bin\m2.conf -Dmaven.home=C:\Users\Anand Vaghela\.m2\wrapper\dists\apache-maven-3.9.12\59fe215c0ad6947fea90184bf7add084544567b927287592651fda3782e0e798 -Dlibrary.jansi.path=C:\Users\Anand Vaghela\.m2\wrapper\dists\apache-maven-3.9.12\59fe215c0ad6947fea90184bf7add084544567b927287592651fda3782e0e798\lib\jansi-native -Dmaven.multiModuleProjectDirectory=D:\vaibhav\project\hostel-management-system\hostel-management-system org.codehaus.plexus.classworlds.launcher.Launcher spring-boot:run

Host: 11th Gen Intel(R) Core(TM) i5-1135G7 @ 2.40GHz, 8 cores, 7G,  Windows 11 , 64 bit Build 26100 (10.0.26100.8115)
Time: Fri Apr 10 17:19:39 2026 India Standard Time elapsed time: 20.051986 seconds (0d 0h 0m 20s)

---------------  T H R E A D  ---------------

Current thread (0x000001a625104630):  JavaThread "C2 CompilerThread1" daemon [_thread_in_native, id=15872, stack(0x0000005a31100000,0x0000005a31200000) (1024K)]


Current CompileTask:
C2:20052 6653   !   4       java.nio.file.FileTreeWalker::next (144 bytes)

Stack: [0x0000005a31100000,0x0000005a31200000]
Native frames: (J=compiled Java code, j=interpreted, Vv=VM code, C=native code)
V  [jvm.dll+0x6e08b9]  (no source info available)
V  [jvm.dll+0x87dc83]  (no source info available)
V  [jvm.dll+0x88010e]  (no source info available)
V  [jvm.dll+0x8807e3]  (no source info available)
V  [jvm.dll+0x27aee6]  (no source info available)
V  [jvm.dll+0xbc06f]  (no source info available)
V  [jvm.dll+0xbc2cb]  (no source info available)
V  [jvm.dll+0x3b3a9c]  (no source info available)
V  [jvm.dll+0x38a42b]  (no source info available)
V  [jvm.dll+0x38989a]  (no source info available)
V  [jvm.dll+0x244aa1]  (no source info available)
V  [jvm.dll+0x243dff]  (no source info available)
V  [jvm.dll+0x1c33a0]  (no source info available)
V  [jvm.dll+0x253cf1]  (no source info available)
V  [jvm.dll+0x251faa]  (no source info available)
V  [jvm.dll+0x3ee036]  (no source info available)
V  [jvm.dll+0x824f8b]  (no source info available)
V  [jvm.dll+0x6df065]  (no source info available)
C  [ucrtbase.dll+0x37b0]  (no source info available)
C  [KERNEL32.DLL+0x2e8d7]  (no source info available)
C  [ntdll.dll+0x8c3fc]  (no source info available)

Lock stack of current Java thread (top to bottom):


---------------  P R O C E S S  ---------------

Threads class SMR info:
_java_thread_list=0x000001a6232e1780, length=13, elements={
0x000001a5beddc360, 0x000001a5ddd08780, 0x000001a5ddd091e0, 0x000001a5ddd0c750,
0x000001a5ddd0ff50, 0x000001a5ddd10de0, 0x000001a5ddd119f0, 0x000001a5ddd12930,
0x000001a5ddd155a0, 0x000001a62317b250, 0x000001a623184b60, 0x000001a6243a0c90,
0x000001a625104630
}

Java Threads: ( => current thread )
  0x000001a5beddc360 JavaThread "main"                              [_thread_in_native, id=12960, stack(0x0000005a2f700000,0x0000005a2f800000) (1024K)]
  0x000001a5ddd08780 JavaThread "Reference Handler"          daemon [_thread_blocked, id=17320, stack(0x0000005a2ff00000,0x0000005a30000000) (1024K)]
  0x000001a5ddd091e0 JavaThread "Finalizer"                  daemon [_thread_blocked, id=17036, stack(0x0000005a30000000,0x0000005a30100000) (1024K)]
  0x000001a5ddd0c750 JavaThread "Signal Dispatcher"          daemon [_thread_blocked, id=22540, stack(0x0000005a30100000,0x0000005a30200000) (1024K)]
  0x000001a5ddd0ff50 JavaThread "Attach Listener"            daemon [_thread_blocked, id=7952, stack(0x0000005a30200000,0x0000005a30300000) (1024K)]
  0x000001a5ddd10de0 JavaThread "Service Thread"             daemon [_thread_blocked, id=18148, stack(0x0000005a30300000,0x0000005a30400000) (1024K)]
  0x000001a5ddd119f0 JavaThread "Monitor Deflation Thread"   daemon [_thread_blocked, id=636, stack(0x0000005a30400000,0x0000005a30500000) (1024K)]
  0x000001a5ddd12930 JavaThread "C2 CompilerThread0"         daemon [_thread_in_native, id=26092, stack(0x0000005a30500000,0x0000005a30600000) (1024K)]
  0x000001a5ddd155a0 JavaThread "C1 CompilerThread0"         daemon [_thread_blocked, id=5428, stack(0x0000005a30600000,0x0000005a30700000) (1024K)]
  0x000001a62317b250 JavaThread "Notification Thread"        daemon [_thread_blocked, id=22636, stack(0x0000005a30700000,0x0000005a30800000) (1024K)]
  0x000001a623184b60 JavaThread "Common-Cleaner"             daemon [_thread_blocked, id=25244, stack(0x0000005a30800000,0x0000005a30900000) (1024K)]
  0x000001a6243a0c90 JavaThread "Thread-1"                   daemon [_thread_blocked, id=26176, stack(0x0000005a30900000,0x0000005a30a00000) (1024K)]
=>0x000001a625104630 JavaThread "C2 CompilerThread1"         daemon [_thread_in_native, id=15872, stack(0x0000005a31100000,0x0000005a31200000) (1024K)]
Total: 13

Other Threads:
  0x000001a5ddceaa00 VMThread "VM Thread"                           [id=23244, stack(0x0000005a2fe00000,0x0000005a2ff00000) (1024K)]
  0x000001a5ddcdbcb0 WatcherThread "VM Periodic Task Thread"        [id=22168, stack(0x0000005a2fd00000,0x0000005a2fe00000) (1024K)]
  0x000001a5c120b130 WorkerThread "GC Thread#0"                     [id=10536, stack(0x0000005a2f800000,0x0000005a2f900000) (1024K)]
  0x000001a624180380 WorkerThread "GC Thread#1"                     [id=24452, stack(0x0000005a30a00000,0x0000005a30b00000) (1024K)]
  0x000001a623da19f0 WorkerThread "GC Thread#2"                     [id=1628, stack(0x0000005a30b00000,0x0000005a30c00000) (1024K)]
  0x000001a624166b10 WorkerThread "GC Thread#3"                     [id=19172, stack(0x0000005a30c00000,0x0000005a30d00000) (1024K)]
  0x000001a623e04170 WorkerThread "GC Thread#4"                     [id=17756, stack(0x0000005a30d00000,0x0000005a30e00000) (1024K)]
  0x000001a623e04520 WorkerThread "GC Thread#5"                     [id=26372, stack(0x0000005a30e00000,0x0000005a30f00000) (1024K)]
  0x000001a623c98050 WorkerThread "GC Thread#6"                     [id=11772, stack(0x0000005a30f00000,0x0000005a31000000) (1024K)]
  0x000001a623c98400 WorkerThread "GC Thread#7"                     [id=3556, stack(0x0000005a31000000,0x0000005a31100000) (1024K)]
  0x000001a5c121f640 ConcurrentGCThread "G1 Main Marker"            [id=25088, stack(0x0000005a2f900000,0x0000005a2fa00000) (1024K)]
  0x000001a5c1223e00 WorkerThread "G1 Conc#0"                       [id=22440, stack(0x0000005a2fa00000,0x0000005a2fb00000) (1024K)]
  0x000001a6240d79f0 WorkerThread "G1 Conc#1"                       [id=23752, stack(0x0000005a31700000,0x0000005a31800000) (1024K)]
  0x000001a5ddbad1c0 ConcurrentGCThread "G1 Refine#0"               [id=23872, stack(0x0000005a2fb00000,0x0000005a2fc00000) (1024K)]
  0x000001a5ddbafb60 ConcurrentGCThread "G1 Service"                [id=4688, stack(0x0000005a2fc00000,0x0000005a2fd00000) (1024K)]
Total: 15

Threads with active compile tasks:
C2 CompilerThread0  20196 6679       4       jdk.nio.zipfs.ZipFileSystemProvider::readAttributes (9 bytes)
C2 CompilerThread1  20196 6653   !   4       java.nio.file.FileTreeWalker::next (144 bytes)
Total: 2

VM state: not at safepoint (normal execution)

VM Mutex/Monitor currently owned by a thread: None

Heap address: 0x0000000084200000, size: 1982 MB, Compressed Oops mode: 32-bit

CDS archive(s) mapped at: [0x000001a5de000000-0x000001a5ded70000-0x000001a5ded70000), size 14090240, SharedBaseAddress: 0x000001a5de000000, ArchiveRelocationMode: 1.
Compressed class space mapped at: 0x000001a5df000000-0x000001a61f000000, reserved size: 1073741824
Narrow klass base: 0x000001a5de000000, Narrow klass shift: 0, Narrow klass range: 0x41000000

GC Precious Log:
 CardTable entry size: 512
 Card Set container configuration: InlinePtr #cards 5 size 8 Array Of Cards #cards 10 size 36 Howl #buckets 4 coarsen threshold 1843 Howl Bitmap #cards 512 size 80 coarsen threshold 460 Card regions per heap region 1 cards per card region 2048
 CPUs: 8 total, 8 available
 Memory: 7926M
 Large Page Support: Disabled
 NUMA Support: Disabled
 Compressed Oops: Enabled (32-bit)
 Heap Region Size: 1M
 Heap Min Capacity: 8M
 Heap Initial Capacity: 124M
 Heap Max Capacity: 1982M
 Pre-touch: Disabled
 Parallel Workers: 8
 Concurrent Workers: 2
 Concurrent Refinement Workers: 8
 Periodic GC: Disabled

Heap:
 garbage-first heap   total reserved 2029568K, committed 91136K, used 64607K [0x0000000084200000, 0x0000000100000000)
  region size 1024K, 42 young (43008K), 3 survivors (3072K)
 Metaspace       used 33851K, committed 34176K, reserved 1114112K
  class space    used 4034K, committed 4160K, reserved 1048576K

Heap Regions: E=young(eden), S=young(survivor), O=old, HS=humongous(starts), HC=humongous(continues), CS=collection set, F=free, TAMS=top-at-mark-start, PB=parsable bottom
|   0|0x0000000084200000, 0x0000000084300000, 0x0000000084300000|100%| O|  |TAMS 0x0000000084200000| PB 0x0000000084200000| Untracked |  0
|   1|0x0000000084300000, 0x0000000084400000, 0x0000000084400000|100%| O|  |TAMS 0x0000000084300000| PB 0x0000000084300000| Untracked |  0
|   2|0x0000000084400000, 0x0000000084500000, 0x0000000084500000|100%| O|  |TAMS 0x0000000084400000| PB 0x0000000084400000| Untracked |  0
|   3|0x0000000084500000, 0x0000000084600000, 0x0000000084600000|100%| O|  |TAMS 0x0000000084500000| PB 0x0000000084500000| Untracked |  0
|   4|0x0000000084600000, 0x0000000084700000, 0x0000000084700000|100%| O|  |TAMS 0x0000000084600000| PB 0x0000000084600000| Untracked |  0
|   5|0x0000000084700000, 0x0000000084800000, 0x0000000084800000|100%| O|  |TAMS 0x0000000084700000| PB 0x0000000084700000| Untracked |  0
|   6|0x0000000084800000, 0x0000000084900000, 0x0000000084900000|100%| O|  |TAMS 0x0000000084800000| PB 0x0000000084800000| Untracked |  0
|   7|0x0000000084900000, 0x0000000084a00000, 0x0000000084a00000|100%| O|  |TAMS 0x0000000084900000| PB 0x0000000084900000| Untracked |  0
|   8|0x0000000084a00000, 0x0000000084b00000, 0x0000000084b00000|100%| O|  |TAMS 0x0000000084a00000| PB 0x0000000084a00000| Untracked |  0
|   9|0x0000000084b00000, 0x0000000084c00000, 0x0000000084c00000|100%| O|  |TAMS 0x0000000084b00000| PB 0x0000000084b00000| Untracked |  0
|  10|0x0000000084c00000, 0x0000000084c64280, 0x0000000084d00000| 39%| O|Cm|TAMS 0x0000000084c00000| PB 0x0000000084c00000| Complete |  0
|  11|0x0000000084d00000, 0x0000000084e00000, 0x0000000084e00000|100%| O|  |TAMS 0x0000000084d00000| PB 0x0000000084d00000| Untracked |  0
|  12|0x0000000084e00000, 0x0000000084f00000, 0x0000000084f00000|100%| O|  |TAMS 0x0000000084e00000| PB 0x0000000084e00000| Untracked |  0
|  13|0x0000000084f00000, 0x0000000085000000, 0x0000000085000000|100%| O|  |TAMS 0x0000000084f00000| PB 0x0000000084f00000| Untracked |  0
|  14|0x0000000085000000, 0x0000000085100000, 0x0000000085100000|100%| O|  |TAMS 0x0000000085000000| PB 0x0000000085000000| Untracked |  0
|  15|0x0000000085100000, 0x0000000085200000, 0x0000000085200000|100%| O|  |TAMS 0x0000000085100000| PB 0x0000000085100000| Untracked |  0
|  16|0x0000000085200000, 0x0000000085300000, 0x0000000085300000|100%| O|  |TAMS 0x0000000085200000| PB 0x0000000085200000| Untracked |  0
|  17|0x0000000085300000, 0x0000000085400000, 0x0000000085400000|100%| O|  |TAMS 0x0000000085300000| PB 0x0000000085300000| Untracked |  0
|  18|0x0000000085400000, 0x0000000085500000, 0x0000000085500000|100%|HS|  |TAMS 0x0000000085400000| PB 0x0000000085400000| Complete |  0
|  19|0x0000000085500000, 0x000000008557ac80, 0x0000000085600000| 47%| O|  |TAMS 0x0000000085500000| PB 0x0000000085500000| Untracked |  0
|  20|0x0000000085600000, 0x0000000085700000, 0x0000000085700000|100%|HS|  |TAMS 0x0000000085600000| PB 0x0000000085600000| Complete |  0
|  21|0x0000000085700000, 0x0000000085800000, 0x0000000085800000|100%|HC|  |TAMS 0x0000000085700000| PB 0x0000000085700000| Complete |  0
|  22|0x0000000085800000, 0x0000000085900000, 0x0000000085900000|100%|HS|  |TAMS 0x0000000085800000| PB 0x0000000085800000| Complete |  0
|  23|0x0000000085900000, 0x0000000085a00000, 0x0000000085a00000|100%|HC|  |TAMS 0x0000000085900000| PB 0x0000000085900000| Complete |  0
|  24|0x0000000085a00000, 0x0000000085a00000, 0x0000000085b00000|  0%| F|  |TAMS 0x0000000085a00000| PB 0x0000000085a00000| Untracked |  0
|  25|0x0000000085b00000, 0x0000000085b00000, 0x0000000085c00000|  0%| F|  |TAMS 0x0000000085b00000| PB 0x0000000085b00000| Untracked |  0
|  26|0x0000000085c00000, 0x0000000085c00000, 0x0000000085d00000|  0%| F|  |TAMS 0x0000000085c00000| PB 0x0000000085c00000| Untracked |  0
|  27|0x0000000085d00000, 0x0000000085d00000, 0x0000000085e00000|  0%| F|  |TAMS 0x0000000085d00000| PB 0x0000000085d00000| Untracked |  0
|  28|0x0000000085e00000, 0x0000000085e00000, 0x0000000085f00000|  0%| F|  |TAMS 0x0000000085e00000| PB 0x0000000085e00000| Untracked |  0
|  29|0x0000000085f00000, 0x0000000085f00000, 0x0000000086000000|  0%| F|  |TAMS 0x0000000085f00000| PB 0x0000000085f00000| Untracked |  0
|  30|0x0000000086000000, 0x0000000086000000, 0x0000000086100000|  0%| F|  |TAMS 0x0000000086000000| PB 0x0000000086000000| Untracked |  0
|  31|0x0000000086100000, 0x0000000086100000, 0x0000000086200000|  0%| F|  |TAMS 0x0000000086100000| PB 0x0000000086100000| Untracked |  0
|  32|0x0000000086200000, 0x0000000086200000, 0x0000000086300000|  0%| F|  |TAMS 0x0000000086200000| PB 0x0000000086200000| Untracked |  0
|  33|0x0000000086300000, 0x0000000086300000, 0x0000000086400000|  0%| F|  |TAMS 0x0000000086300000| PB 0x0000000086300000| Untracked |  0
|  34|0x0000000086400000, 0x0000000086400000, 0x0000000086500000|  0%| F|  |TAMS 0x0000000086400000| PB 0x0000000086400000| Untracked |  0
|  35|0x0000000086500000, 0x0000000086500000, 0x0000000086600000|  0%| F|  |TAMS 0x0000000086500000| PB 0x0000000086500000| Untracked |  0
|  36|0x0000000086600000, 0x0000000086600000, 0x0000000086700000|  0%| F|  |TAMS 0x0000000086600000| PB 0x0000000086600000| Untracked |  0
|  37|0x0000000086700000, 0x0000000086700000, 0x0000000086800000|  0%| F|  |TAMS 0x0000000086700000| PB 0x0000000086700000| Untracked |  0
|  38|0x0000000086800000, 0x0000000086800000, 0x0000000086900000|  0%| F|  |TAMS 0x0000000086800000| PB 0x0000000086800000| Untracked |  0
|  39|0x0000000086900000, 0x0000000086900000, 0x0000000086a00000|  0%| F|  |TAMS 0x0000000086900000| PB 0x0000000086900000| Untracked |  0
|  40|0x0000000086a00000, 0x0000000086a00000, 0x0000000086b00000|  0%| F|  |TAMS 0x0000000086a00000| PB 0x0000000086a00000| Untracked |  0
|  41|0x0000000086b00000, 0x0000000086b00000, 0x0000000086c00000|  0%| F|  |TAMS 0x0000000086b00000| PB 0x0000000086b00000| Untracked |  0
|  42|0x0000000086c00000, 0x0000000086c00000, 0x0000000086d00000|  0%| F|  |TAMS 0x0000000086c00000| PB 0x0000000086c00000| Untracked |  0
|  43|0x0000000086d00000, 0x0000000086d00000, 0x0000000086e00000|  0%| F|  |TAMS 0x0000000086d00000| PB 0x0000000086d00000| Untracked |  0
|  44|0x0000000086e00000, 0x0000000086e00000, 0x0000000086f00000|  0%| F|  |TAMS 0x0000000086e00000| PB 0x0000000086e00000| Untracked |  0
|  45|0x0000000086f00000, 0x0000000086f00000, 0x0000000087000000|  0%| F|  |TAMS 0x0000000086f00000| PB 0x0000000086f00000| Untracked |  0
|  46|0x0000000087000000, 0x0000000087000000, 0x0000000087100000|  0%| F|  |TAMS 0x0000000087000000| PB 0x0000000087000000| Untracked |  0
|  47|0x0000000087100000, 0x0000000087163d40, 0x0000000087200000| 38%| E|  |TAMS 0x0000000087100000| PB 0x0000000087100000| Complete |  0
|  48|0x0000000087200000, 0x0000000087300000, 0x0000000087300000|100%| E|CS|TAMS 0x0000000087200000| PB 0x0000000087200000| Complete |  0
|  49|0x0000000087300000, 0x0000000087400000, 0x0000000087400000|100%| E|CS|TAMS 0x0000000087300000| PB 0x0000000087300000| Complete |  0
|  50|0x0000000087400000, 0x0000000087500000, 0x0000000087500000|100%| E|CS|TAMS 0x0000000087400000| PB 0x0000000087400000| Complete |  0
|  51|0x0000000087500000, 0x0000000087600000, 0x0000000087600000|100%| E|CS|TAMS 0x0000000087500000| PB 0x0000000087500000| Complete |  0
|  52|0x0000000087600000, 0x0000000087700000, 0x0000000087700000|100%| E|CS|TAMS 0x0000000087600000| PB 0x0000000087600000| Complete |  0
|  53|0x0000000087700000, 0x0000000087800000, 0x0000000087800000|100%| E|CS|TAMS 0x0000000087700000| PB 0x0000000087700000| Complete |  0
|  54|0x0000000087800000, 0x0000000087900000, 0x0000000087900000|100%| E|CS|TAMS 0x0000000087800000| PB 0x0000000087800000| Complete |  0
|  55|0x0000000087900000, 0x0000000087a00000, 0x0000000087a00000|100%| E|CS|TAMS 0x0000000087900000| PB 0x0000000087900000| Complete |  0
|  56|0x0000000087a00000, 0x0000000087b00000, 0x0000000087b00000|100%| E|CS|TAMS 0x0000000087a00000| PB 0x0000000087a00000| Complete |  0
|  57|0x0000000087b00000, 0x0000000087c00000, 0x0000000087c00000|100%| E|CS|TAMS 0x0000000087b00000| PB 0x0000000087b00000| Complete |  0
|  58|0x0000000087c00000, 0x0000000087d00000, 0x0000000087d00000|100%| E|CS|TAMS 0x0000000087c00000| PB 0x0000000087c00000| Complete |  0
|  59|0x0000000087d00000, 0x0000000087e00000, 0x0000000087e00000|100%| E|CS|TAMS 0x0000000087d00000| PB 0x0000000087d00000| Complete |  0
|  60|0x0000000087e00000, 0x0000000087f00000, 0x0000000087f00000|100%| E|CS|TAMS 0x0000000087e00000| PB 0x0000000087e00000| Complete |  0
|  61|0x0000000087f00000, 0x0000000088000000, 0x0000000088000000|100%| E|CS|TAMS 0x0000000087f00000| PB 0x0000000087f00000| Complete |  0
|  62|0x0000000088000000, 0x0000000088100000, 0x0000000088100000|100%| E|CS|TAMS 0x0000000088000000| PB 0x0000000088000000| Complete |  0
|  63|0x0000000088100000, 0x0000000088200000, 0x0000000088200000|100%| E|CS|TAMS 0x0000000088100000| PB 0x0000000088100000| Complete |  0
|  64|0x0000000088200000, 0x0000000088300000, 0x0000000088300000|100%| E|CS|TAMS 0x0000000088200000| PB 0x0000000088200000| Complete |  0
|  65|0x0000000088300000, 0x0000000088400000, 0x0000000088400000|100%| E|CS|TAMS 0x0000000088300000| PB 0x0000000088300000| Complete |  0
|  66|0x0000000088400000, 0x0000000088438d60, 0x0000000088500000| 22%| S|CS|TAMS 0x0000000088400000| PB 0x0000000088400000| Complete |  0
|  67|0x0000000088500000, 0x0000000088600000, 0x0000000088600000|100%| S|CS|TAMS 0x0000000088500000| PB 0x0000000088500000| Complete |  0
|  68|0x0000000088600000, 0x0000000088700000, 0x0000000088700000|100%| S|CS|TAMS 0x0000000088600000| PB 0x0000000088600000| Complete |  0
|  69|0x0000000088700000, 0x0000000088800000, 0x0000000088800000|100%| E|CS|TAMS 0x0000000088700000| PB 0x0000000088700000| Complete |  0
|  70|0x0000000088800000, 0x0000000088900000, 0x0000000088900000|100%| E|CS|TAMS 0x0000000088800000| PB 0x0000000088800000| Complete |  0
|  71|0x0000000088900000, 0x0000000088a00000, 0x0000000088a00000|100%| E|CS|TAMS 0x0000000088900000| PB 0x0000000088900000| Complete |  0
|  72|0x0000000088a00000, 0x0000000088b00000, 0x0000000088b00000|100%| E|CS|TAMS 0x0000000088a00000| PB 0x0000000088a00000| Complete |  0
|  73|0x0000000088b00000, 0x0000000088c00000, 0x0000000088c00000|100%| E|CS|TAMS 0x0000000088b00000| PB 0x0000000088b00000| Complete |  0
|  74|0x0000000088c00000, 0x0000000088d00000, 0x0000000088d00000|100%| E|CS|TAMS 0x0000000088c00000| PB 0x0000000088c00000| Complete |  0
|  75|0x0000000088d00000, 0x0000000088e00000, 0x0000000088e00000|100%| E|CS|TAMS 0x0000000088d00000| PB 0x0000000088d00000| Complete |  0
|  76|0x0000000088e00000, 0x0000000088f00000, 0x0000000088f00000|100%| E|CS|TAMS 0x0000000088e00000| PB 0x0000000088e00000| Complete |  0
|  77|0x0000000088f00000, 0x0000000089000000, 0x0000000089000000|100%| E|CS|TAMS 0x0000000088f00000| PB 0x0000000088f00000| Complete |  0
|  78|0x0000000089000000, 0x0000000089100000, 0x0000000089100000|100%| E|CS|TAMS 0x0000000089000000| PB 0x0000000089000000| Complete |  0
|  79|0x0000000089100000, 0x0000000089200000, 0x0000000089200000|100%| E|CS|TAMS 0x0000000089100000| PB 0x0000000089100000| Complete |  0
|  80|0x0000000089200000, 0x0000000089300000, 0x0000000089300000|100%| E|CS|TAMS 0x0000000089200000| PB 0x0000000089200000| Complete |  0
|  81|0x0000000089300000, 0x0000000089400000, 0x0000000089400000|100%| E|CS|TAMS 0x0000000089300000| PB 0x0000000089300000| Complete |  0
|  82|0x0000000089400000, 0x0000000089500000, 0x0000000089500000|100%| E|CS|TAMS 0x0000000089400000| PB 0x0000000089400000| Complete |  0
| 102|0x000000008a800000, 0x000000008a900000, 0x000000008a900000|100%| E|CS|TAMS 0x000000008a800000| PB 0x000000008a800000| Complete |  0
| 103|0x000000008a900000, 0x000000008aa00000, 0x000000008aa00000|100%| E|CS|TAMS 0x000000008a900000| PB 0x000000008a900000| Complete |  0
| 104|0x000000008aa00000, 0x000000008ab00000, 0x000000008ab00000|100%| E|CS|TAMS 0x000000008aa00000| PB 0x000000008aa00000| Complete |  0
| 105|0x000000008ab00000, 0x000000008ac00000, 0x000000008ac00000|100%| E|CS|TAMS 0x000000008ab00000| PB 0x000000008ab00000| Complete |  0
| 122|0x000000008bc00000, 0x000000008bd00000, 0x000000008bd00000|100%| E|CS|TAMS 0x000000008bc00000| PB 0x000000008bc00000| Complete |  0
| 123|0x000000008bd00000, 0x000000008be00000, 0x000000008be00000|100%| E|CS|TAMS 0x000000008bd00000| PB 0x000000008bd00000| Complete |  0

Card table byte_map: [0x000001a5d8ff0000,0x000001a5d93d0000] _byte_map_base: 0x000001a5d8bcf000

Marking Bits: (CMBitMap*) 0x000001a5c120b750
 Bits: [0x000001a5d93d0000, 0x000001a5db2c8000)

Polling page: 0x000001a5befb0000

Metaspace:

Usage:
  Non-class:     29.12 MB used.
      Class:      3.94 MB used.
       Both:     33.06 MB used.

Virtual space:
  Non-class space:       64.00 MB reserved,      29.31 MB ( 46%) committed,  1 nodes.
      Class space:        1.00 GB reserved,       4.06 MB ( <1%) committed,  1 nodes.
             Both:        1.06 GB reserved,      33.38 MB (  3%) committed. 

Chunk freelists:
   Non-Class:  2.61 MB
       Class:  11.88 MB
        Both:  14.48 MB

MaxMetaspaceSize: unlimited
CompressedClassSpaceSize: 1.00 GB
Initial GC threshold: 21.00 MB
Current GC threshold: 41.88 MB
CDS: on
 - commit_granule_bytes: 65536.
 - commit_granule_words: 8192.
 - virtual_space_node_default_size: 8388608.
 - enlarge_chunks_in_place: 1.
 - use_allocation_guard: 0.


Internal statistics:

num_allocs_failed_limit: 3.
num_arena_births: 238.
num_arena_deaths: 0.
num_vsnodes_births: 2.
num_vsnodes_deaths: 0.
num_space_committed: 534.
num_space_uncommitted: 0.
num_chunks_returned_to_freelist: 3.
num_chunks_taken_from_freelist: 1205.
num_chunk_merges: 0.
num_chunk_splits: 864.
num_chunks_enlarged: 706.
num_inconsistent_stats: 0.

CodeHeap 'non-profiled nmethods': size=120064Kb used=2481Kb max_used=2481Kb free=117582Kb
 bounds [0x000001a5d13a0000, 0x000001a5d1610000, 0x000001a5d88e0000]
CodeHeap 'profiled nmethods': size=120000Kb used=10130Kb max_used=10130Kb free=109869Kb
 bounds [0x000001a5c98e0000, 0x000001a5ca2d0000, 0x000001a5d0e10000]
CodeHeap 'non-nmethods': size=5696Kb used=1677Kb max_used=1706Kb free=4018Kb
 bounds [0x000001a5d0e10000, 0x000001a5d1080000, 0x000001a5d13a0000]
CodeCache: size=245760Kb, used=14288Kb, max_used=14317Kb, free=231469Kb
 total_blobs=6692, nmethods=6081, adapters=516, full_count=0
Compilation: enabled, stopped_count=0, restarted_count=0

Compilation events (20 events):
Event: 18.983 Thread 0x000001a5ddd155a0 6671   !   3       sun.nio.ch.FileChannelImpl::readInternal (278 bytes)
Event: 18.984 Thread 0x000001a5ddd155a0 nmethod 6671 0x000001a5ca2b3688 code [0x000001a5ca2b3940, 0x000001a5ca2b4b70]
Event: 18.985 Thread 0x000001a5ddd155a0 6672       3       sun.nio.ch.FileDispatcherImpl::pread (10 bytes)
Event: 18.985 Thread 0x000001a5ddd155a0 nmethod 6672 0x000001a5ca2b4c08 code [0x000001a5ca2b4d20, 0x000001a5ca2b4e60]
Event: 18.991 Thread 0x000001a5ddd155a0 6673       3       jdk.nio.zipfs.ZipCoder$UTF8::getBytes (40 bytes)
Event: 18.993 Thread 0x000001a5ddd155a0 nmethod 6673 0x000001a5ca2b4f08 code [0x000001a5ca2b50e0, 0x000001a5ca2b59b0]
Event: 19.020 Thread 0x000001a5ddd155a0 6676   !   3       sun.nio.ch.FileChannelImpl::implRead (105 bytes)
Event: 19.021 Thread 0x000001a5ddd155a0 nmethod 6676 0x000001a5ca2b5a88 code [0x000001a5ca2b5c40, 0x000001a5ca2b64a8]
Event: 19.039 Thread 0x000001a5ddd12930 nmethod 6658 0x000001a5d1605408 code [0x000001a5d1605840, 0x000001a5d1609470]
Event: 19.039 Thread 0x000001a5ddd12930 6660       4       jdk.nio.zipfs.ZipFileSystem$Entry::isDirectory (5 bytes)
Event: 19.040 Thread 0x000001a5ddd12930 nmethod 6660 0x000001a5d1609908 code [0x000001a5d1609a00, 0x000001a5d1609a80]
Event: 19.040 Thread 0x000001a5ddd12930 6661       4       java.util.TimeZone::getDefaultRef (32 bytes)
Event: 19.041 Thread 0x000001a5ddd12930 nmethod 6661 0x000001a5d1609c08 code [0x000001a5d1609d00, 0x000001a5d1609d98]
Event: 19.041 Thread 0x000001a5ddd12930 6663       4       java.time.LocalDate::create (190 bytes)
Event: 19.043 Thread 0x000001a5ddd12930 nmethod 6663 0x000001a5d1609f08 code [0x000001a5d160a020, 0x000001a5d160a148]
Event: 19.043 Thread 0x000001a5ddd12930 6675       4       java.time.ZoneRegion::getRules (23 bytes)
Event: 19.043 Thread 0x000001a5ddd12930 nmethod 6675 0x000001a5d160a208 code [0x000001a5d160a300, 0x000001a5d160a3a0]
Event: 19.043 Thread 0x000001a5ddd12930 6677       4       java.time.LocalDate::toEpochDay (154 bytes)
Event: 19.045 Thread 0x000001a5ddd12930 nmethod 6677 0x000001a5d160a508 code [0x000001a5d160a600, 0x000001a5d160a838]
Event: 19.046 Thread 0x000001a5ddd12930 6668       4       java.time.zone.ZoneRules::getOffsetInfo (278 bytes)

GC Heap History (16 events):
Event: 2.256 GC heap before
{Heap before GC invocations=0 (full 0):
 garbage-first heap   total reserved 2029568K, committed 126976K, used 23552K [0x0000000084200000, 0x0000000100000000)
  region size 1024K, 24 young (24576K), 0 survivors (0K)
 Metaspace       used 5833K, committed 5952K, reserved 1114112K
  class space    used 709K, committed 768K, reserved 1048576K
}
Event: 2.277 GC heap after
{Heap after GC invocations=1 (full 0):
 garbage-first heap   total reserved 2029568K, committed 126976K, used 3840K [0x0000000084200000, 0x0000000100000000)
  region size 1024K, 3 young (3072K), 3 survivors (3072K)
 Metaspace       used 5833K, committed 5952K, reserved 1114112K
  class space    used 709K, committed 768K, reserved 1048576K
}
Event: 3.189 GC heap before
{Heap before GC invocations=1 (full 0):
 garbage-first heap   total reserved 2029568K, committed 126976K, used 25344K [0x0000000084200000, 0x0000000100000000)
  region size 1024K, 24 young (24576K), 3 survivors (3072K)
 Metaspace       used 7655K, committed 7872K, reserved 1114112K
  class space    used 927K, committed 1024K, reserved 1048576K
}
Event: 3.200 GC heap after
{Heap after GC invocations=2 (full 0):
 garbage-first heap   total reserved 2029568K, committed 126976K, used 4768K [0x0000000084200000, 0x0000000100000000)
  region size 1024K, 1 young (1024K), 1 survivors (1024K)
 Metaspace       used 7655K, committed 7872K, reserved 1114112K
  class space    used 927K, committed 1024K, reserved 1048576K
}
Event: 7.120 GC heap before
{Heap before GC invocations=2 (full 0):
 garbage-first heap   total reserved 2029568K, committed 126976K, used 58016K [0x0000000084200000, 0x0000000100000000)
  region size 1024K, 53 young (54272K), 1 survivors (1024K)
 Metaspace       used 15152K, committed 15424K, reserved 1114112K
  class space    used 1861K, committed 1984K, reserved 1048576K
}
Event: 7.145 GC heap after
{Heap after GC invocations=3 (full 0):
 garbage-first heap   total reserved 2029568K, committed 126976K, used 11070K [0x0000000084200000, 0x0000000100000000)
  region size 1024K, 7 young (7168K), 7 survivors (7168K)
 Metaspace       used 15152K, committed 15424K, reserved 1114112K
  class space    used 1861K, committed 1984K, reserved 1048576K
}
Event: 9.428 GC heap before
{Heap before GC invocations=3 (full 0):
 garbage-first heap   total reserved 2029568K, committed 126976K, used 27454K [0x0000000084200000, 0x0000000100000000)
  region size 1024K, 25 young (25600K), 7 survivors (7168K)
 Metaspace       used 21303K, committed 21504K, reserved 1114112K
  class space    used 2635K, committed 2752K, reserved 1048576K
}
Event: 9.453 GC heap after
{Heap after GC invocations=4 (full 0):
 garbage-first heap   total reserved 2029568K, committed 126976K, used 14224K [0x0000000084200000, 0x0000000100000000)
  region size 1024K, 4 young (4096K), 4 survivors (4096K)
 Metaspace       used 21303K, committed 21504K, reserved 1114112K
  class space    used 2635K, committed 2752K, reserved 1048576K
}
Event: 12.287 GC heap before
{Heap before GC invocations=5 (full 0):
 garbage-first heap   total reserved 2029568K, committed 51200K, used 50064K [0x0000000084200000, 0x0000000100000000)
  region size 1024K, 39 young (39936K), 4 survivors (4096K)
 Metaspace       used 24037K, committed 24320K, reserved 1114112K
  class space    used 2934K, committed 3072K, reserved 1048576K
}
Event: 12.306 GC heap after
{Heap after GC invocations=6 (full 0):
 garbage-first heap   total reserved 2029568K, committed 58368K, used 17153K [0x0000000084200000, 0x0000000100000000)
  region size 1024K, 7 young (7168K), 7 survivors (7168K)
 Metaspace       used 24037K, committed 24320K, reserved 1114112K
  class space    used 2934K, committed 3072K, reserved 1048576K
}
Event: 13.634 GC heap before
{Heap before GC invocations=6 (full 0):
 garbage-first heap   total reserved 2029568K, committed 58368K, used 42753K [0x0000000084200000, 0x0000000100000000)
  region size 1024K, 32 young (32768K), 7 survivors (7168K)
 Metaspace       used 24322K, committed 24576K, reserved 1114112K
  class space    used 2938K, committed 3072K, reserved 1048576K
}
Event: 13.649 GC heap after
{Heap after GC invocations=7 (full 0):
 garbage-first heap   total reserved 2029568K, committed 58368K, used 19087K [0x0000000084200000, 0x0000000100000000)
  region size 1024K, 2 young (2048K), 2 survivors (2048K)
 Metaspace       used 24322K, committed 24576K, reserved 1114112K
  class space    used 2938K, committed 3072K, reserved 1048576K
}
Event: 14.682 GC heap before
{Heap before GC invocations=7 (full 0):
 garbage-first heap   total reserved 2029568K, committed 58368K, used 43663K [0x0000000084200000, 0x0000000100000000)
  region size 1024K, 19 young (19456K), 2 survivors (2048K)
 Metaspace       used 25396K, committed 25728K, reserved 1114112K
  class space    used 3058K, committed 3200K, reserved 1048576K
}
Event: 14.690 GC heap after
{Heap after GC invocations=8 (full 0):
 garbage-first heap   total reserved 2029568K, committed 58368K, used 27743K [0x0000000084200000, 0x0000000100000000)
  region size 1024K, 3 young (3072K), 3 survivors (3072K)
 Metaspace       used 25396K, committed 25728K, reserved 1114112K
  class space    used 3058K, committed 3200K, reserved 1048576K
}
Event: 16.147 GC heap before
{Heap before GC invocations=9 (full 0):
 garbage-first heap   total reserved 2029568K, committed 91136K, used 72799K [0x0000000084200000, 0x0000000100000000)
  region size 1024K, 23 young (23552K), 3 survivors (3072K)
 Metaspace       used 27706K, committed 28032K, reserved 1114112K
  class space    used 3309K, committed 3456K, reserved 1048576K
}
Event: 16.158 GC heap after
{Heap after GC invocations=10 (full 0):
 garbage-first heap   total reserved 2029568K, committed 91136K, used 20575K [0x0000000084200000, 0x0000000100000000)
  region size 1024K, 3 young (3072K), 3 survivors (3072K)
 Metaspace       used 27706K, committed 28032K, reserved 1114112K
  class space    used 3309K, committed 3456K, reserved 1048576K
}

Dll operation events (10 events):
Event: 0.021 Loaded shared library C:\Program Files\Java\jdk-23\bin\java.dll
Event: 0.079 Loaded shared library C:\Program Files\Java\jdk-23\bin\jsvml.dll
Event: 0.130 Loaded shared library C:\Program Files\Java\jdk-23\bin\net.dll
Event: 0.142 Loaded shared library C:\Program Files\Java\jdk-23\bin\nio.dll
Event: 0.156 Loaded shared library C:\Program Files\Java\jdk-23\bin\zip.dll
Event: 0.749 Loaded shared library C:\Users\Anand Vaghela\.m2\wrapper\dists\apache-maven-3.9.12\59fe215c0ad6947fea90184bf7add084544567b927287592651fda3782e0e798\lib\jansi-native\Windows\x86_64\jansi.dll
Event: 0.780 Loaded shared library C:\Program Files\Java\jdk-23\bin\verify.dll
Event: 0.790 Loaded shared library C:\Program Files\Java\jdk-23\bin\jimage.dll
Event: 9.005 Loaded shared library C:\Program Files\Java\jdk-23\bin\extnet.dll
Event: 9.180 Loaded shared library C:\Program Files\Java\jdk-23\bin\sunmscapi.dll

Deoptimization events (20 events):
Event: 18.713 Thread 0x000001a5beddc360 Uncommon trap: trap_request=0xffffffde fr.pc=0x000001a5d1600330 relative=0x00000000000005f0
Event: 18.713 Thread 0x000001a5beddc360 Uncommon trap: reason=class_check action=maybe_recompile pc=0x000001a5d1600330 method=jdk.nio.zipfs.ZipFileSystem.getInode([B)Ljdk/nio/zipfs/ZipFileSystem$IndexNode; @ 9 c2
Event: 18.713 Thread 0x000001a5beddc360 DEOPT PACKING pc=0x000001a5d1600330 sp=0x0000005a2f7fcb90
Event: 18.713 Thread 0x000001a5beddc360 DEOPT UNPACKING pc=0x000001a5d0e67982 sp=0x0000005a2f7fcb40 mode 2
Event: 18.713 Thread 0x000001a5beddc360 Uncommon trap: trap_request=0xffffffde fr.pc=0x000001a5d1600330 relative=0x00000000000005f0
Event: 18.713 Thread 0x000001a5beddc360 Uncommon trap: reason=class_check action=maybe_recompile pc=0x000001a5d1600330 method=jdk.nio.zipfs.ZipFileSystem.getInode([B)Ljdk/nio/zipfs/ZipFileSystem$IndexNode; @ 9 c2
Event: 18.713 Thread 0x000001a5beddc360 DEOPT PACKING pc=0x000001a5d1600330 sp=0x0000005a2f7fccd0
Event: 18.713 Thread 0x000001a5beddc360 DEOPT UNPACKING pc=0x000001a5d0e67982 sp=0x0000005a2f7fcc80 mode 2
Event: 18.713 Thread 0x000001a5beddc360 Uncommon trap: trap_request=0xffffffde fr.pc=0x000001a5d1600330 relative=0x00000000000005f0
Event: 18.713 Thread 0x000001a5beddc360 Uncommon trap: reason=class_check action=maybe_recompile pc=0x000001a5d1600330 method=jdk.nio.zipfs.ZipFileSystem.getInode([B)Ljdk/nio/zipfs/ZipFileSystem$IndexNode; @ 9 c2
Event: 18.713 Thread 0x000001a5beddc360 DEOPT PACKING pc=0x000001a5d1600330 sp=0x0000005a2f7fccc0
Event: 18.713 Thread 0x000001a5beddc360 DEOPT UNPACKING pc=0x000001a5d0e67982 sp=0x0000005a2f7fcc70 mode 2
Event: 18.713 Thread 0x000001a5beddc360 Uncommon trap: trap_request=0xffffffde fr.pc=0x000001a5d1600330 relative=0x00000000000005f0
Event: 18.713 Thread 0x000001a5beddc360 Uncommon trap: reason=class_check action=maybe_recompile pc=0x000001a5d1600330 method=jdk.nio.zipfs.ZipFileSystem.getInode([B)Ljdk/nio/zipfs/ZipFileSystem$IndexNode; @ 9 c2
Event: 18.713 Thread 0x000001a5beddc360 DEOPT PACKING pc=0x000001a5d1600330 sp=0x0000005a2f7fcb60
Event: 18.713 Thread 0x000001a5beddc360 DEOPT UNPACKING pc=0x000001a5d0e67982 sp=0x0000005a2f7fcb10 mode 2
Event: 18.715 Thread 0x000001a5beddc360 Uncommon trap: trap_request=0xffffffc6 fr.pc=0x000001a5d1549218 relative=0x00000000000008d8
Event: 18.715 Thread 0x000001a5beddc360 Uncommon trap: reason=bimorphic_or_optimized_type_check action=maybe_recompile pc=0x000001a5d1549218 method=java.util.HashMap.putVal(ILjava/lang/Object;Ljava/lang/Object;ZZ)Ljava/lang/Object; @ 203 c2
Event: 18.715 Thread 0x000001a5beddc360 DEOPT PACKING pc=0x000001a5d1549218 sp=0x0000005a2f7fd100
Event: 18.715 Thread 0x000001a5beddc360 DEOPT UNPACKING pc=0x000001a5d0e67982 sp=0x0000005a2f7fd028 mode 2

Classes loaded (20 events):
Event: 18.282 Loading class java/util/regex/Pattern$Bound
Event: 18.282 Loading class java/util/regex/Pattern$Bound done
Event: 18.421 Loading class java/nio/file/FileVisitor
Event: 18.422 Loading class java/nio/file/FileVisitor done
Event: 18.424 Loading class sun/nio/fs/WindowsFileStore
Event: 18.426 Loading class sun/nio/fs/WindowsFileStore done
Event: 18.431 Loading class java/nio/file/SimpleFileVisitor
Event: 18.432 Loading class java/nio/file/SimpleFileVisitor done
Event: 18.432 Loading class java/nio/file/FileTreeWalker
Event: 18.434 Loading class java/nio/file/FileTreeWalker done
Event: 18.434 Loading class java/nio/file/FileTreeWalker$DirectoryNode
Event: 18.434 Loading class java/nio/file/FileTreeWalker$DirectoryNode done
Event: 18.435 Loading class java/nio/file/FileTreeWalker$Event
Event: 18.435 Loading class java/nio/file/FileTreeWalker$Event done
Event: 18.435 Loading class java/nio/file/FileTreeWalker$EventType
Event: 18.435 Loading class java/nio/file/FileTreeWalker$EventType done
Event: 18.435 Loading class java/nio/file/Files$3
Event: 18.436 Loading class java/nio/file/Files$3 done
Event: 18.436 Loading class java/nio/file/FileVisitResult
Event: 18.436 Loading class java/nio/file/FileVisitResult done

Classes unloaded (0 events):
No events

Classes redefined (0 events):
No events

Internal exceptions (20 events):
Event: 14.618 Thread 0x000001a5beddc360 Exception <a 'java/lang/NoSuchMethodError'{0x0000000086b49198}: 'void java.lang.invoke.Invokers$Holder.invokeExact_MT(java.lang.Object, java.lang.Object, int, java.lang.Object)'> (0x0000000086b49198) 
thrown [s\open\src\hotspot\share\interpreter\linkResolver.cpp, line 796]
Event: 15.834 Thread 0x000001a5beddc360 Exception <a 'java/lang/NoSuchMethodError'{0x0000000088bac0a0}: 'int java.lang.invoke.DirectMethodHandle$Holder.invokeInterface(java.lang.Object, java.lang.Object)'> (0x0000000088bac0a0) 
thrown [s\open\src\hotspot\share\interpreter\linkResolver.cpp, line 796]
Event: 16.232 Thread 0x000001a5beddc360 Exception <a 'java/lang/NoSuchMethodError'{0x000000008bc33c00}: 'int java.lang.invoke.DirectMethodHandle$Holder.invokeVirtual(java.lang.Object, java.lang.Object, java.lang.Object)'> (0x000000008bc33c00) 
thrown [s\open\src\hotspot\share\interpreter\linkResolver.cpp, line 796]
Event: 16.233 Thread 0x000001a5beddc360 Exception <a 'java/lang/NoSuchMethodError'{0x000000008bc398d0}: 'void java.lang.invoke.DirectMethodHandle$Holder.invokeInterface(java.lang.Object, java.lang.Object, java.lang.Object)'> (0x000000008bc398d0) 
thrown [s\open\src\hotspot\share\interpreter\linkResolver.cpp, line 796]
Event: 16.243 Thread 0x000001a5beddc360 Exception <a 'java/lang/NoSuchMethodError'{0x000000008bc44348}: 'int java.lang.invoke.DirectMethodHandle$Holder.invokeStaticInit(java.lang.Object, java.lang.Object, java.lang.Object)'> (0x000000008bc44348) 
thrown [s\open\src\hotspot\share\interpreter\linkResolver.cpp, line 796]
Event: 16.604 Thread 0x000001a5beddc360 Exception <a 'sun/nio/fs/WindowsException'{0x000000008909d0f0}> (0x000000008909d0f0) 
thrown [s\open\src\hotspot\share\prims\jni.cpp, line 520]
Event: 17.538 Thread 0x000001a5beddc360 Exception <a 'java/lang/NoSuchMethodError'{0x0000000088e31608}: 'java.lang.Object java.lang.invoke.DirectMethodHandle$Holder.newInvokeSpecial(java.lang.Object, java.lang.Object, java.lang.Object, java.lang.Object, java.lang.Object, java.lang.Object)'> (0x0000000088e31608) 
thrown [s\open\src\hotspot\share\interpreter\linkResolver.cpp, line 796]
Event: 17.567 Thread 0x000001a5beddc360 Exception <a 'java/lang/NoSuchMethodError'{0x0000000088e424c8}: 'java.lang.Object java.lang.invoke.DirectMethodHandle$Holder.invokeStaticInit(java.lang.Object, java.lang.Object, java.lang.Object, java.lang.Object, java.lang.Object, java.lang.Object, java.lang.Object)'> (0x0000000088e424c8) 
thrown [s\open\src\hotspot\share\interpreter\linkResolver.cpp, line 796]
Event: 17.571 Thread 0x000001a5beddc360 Exception <a 'java/lang/NoSuchMethodError'{0x0000000088e4bd70}: 'int java.lang.invoke.DirectMethodHandle$Holder.invokeStaticInit(java.lang.Object, int, int)'> (0x0000000088e4bd70) 
thrown [s\open\src\hotspot\share\interpreter\linkResolver.cpp, line 796]
Event: 17.571 Thread 0x000001a5beddc360 Exception <a 'java/lang/NoSuchMethodError'{0x0000000088e53528}: 'int java.lang.invoke.DirectMethodHandle$Holder.invokeStaticInit(java.lang.Object, long, long)'> (0x0000000088e53528) 
thrown [s\open\src\hotspot\share\interpreter\linkResolver.cpp, line 796]
Event: 17.574 Thread 0x000001a5beddc360 Exception <a 'java/lang/NoSuchMethodError'{0x0000000088e5a280}: 'int java.lang.invoke.DirectMethodHandle$Holder.invokeStaticInit(java.lang.Object, float, float)'> (0x0000000088e5a280) 
thrown [s\open\src\hotspot\share\interpreter\linkResolver.cpp, line 796]
Event: 17.575 Thread 0x000001a5beddc360 Exception <a 'java/lang/NoSuchMethodError'{0x0000000088e60fd0}: 'int java.lang.invoke.DirectMethodHandle$Holder.invokeStaticInit(java.lang.Object, double, double)'> (0x0000000088e60fd0) 
thrown [s\open\src\hotspot\share\interpreter\linkResolver.cpp, line 796]
Event: 17.576 Thread 0x000001a5beddc360 Exception <a 'java/lang/NoSuchMethodError'{0x0000000088e65a68}: 'int java.lang.invoke.DirectMethodHandle$Holder.invokeStatic(java.lang.Object, long)'> (0x0000000088e65a68) 
thrown [s\open\src\hotspot\share\interpreter\linkResolver.cpp, line 796]
Event: 17.581 Thread 0x000001a5beddc360 Exception <a 'java/lang/NoSuchMethodError'{0x0000000088e843a8}: 'int java.lang.invoke.Invokers$Holder.linkToTargetMethod(java.lang.Object, java.lang.Object)'> (0x0000000088e843a8) 
thrown [s\open\src\hotspot\share\interpreter\linkResolver.cpp, line 796]
Event: 17.649 Thread 0x000001a5beddc360 Exception <a 'sun/nio/fs/WindowsException'{0x0000000088ec9160}> (0x0000000088ec9160) 
thrown [s\open\src\hotspot\share\prims\jni.cpp, line 520]
Event: 18.281 Thread 0x000001a5beddc360 Exception <a 'sun/nio/fs/WindowsException'{0x000000008882eea0}> (0x000000008882eea0) 
thrown [s\open\src\hotspot\share\prims\jni.cpp, line 520]
Event: 18.281 Thread 0x000001a5beddc360 Exception <a 'sun/nio/fs/WindowsException'{0x000000008882fa70}> (0x000000008882fa70) 
thrown [s\open\src\hotspot\share\prims\jni.cpp, line 520]
Event: 18.281 Thread 0x000001a5beddc360 Exception <a 'sun/nio/fs/WindowsException'{0x0000000088830690}> (0x0000000088830690) 
thrown [s\open\src\hotspot\share\prims\jni.cpp, line 520]
Event: 18.312 Thread 0x000001a5beddc360 Exception <a 'java/lang/NoSuchMethodError'{0x0000000088885568}: 'java.lang.Object java.lang.invoke.DirectMethodHandle$Holder.invokeSpecial(java.lang.Object, java.lang.Object, java.lang.Object, int, int)'> (0x0000000088885568) 
thrown [s\open\src\hotspot\share\interpreter\linkResolver.cpp, line 796]
Event: 18.314 Thread 0x000001a5beddc360 Exception <a 'java/lang/NoSuchMethodError'{0x000000008888bc68}: 'java.lang.Object java.lang.invoke.DirectMethodHandle$Holder.invokeVirtual(java.lang.Object, java.lang.Object, int)'> (0x000000008888bc68) 
thrown [s\open\src\hotspot\share\interpreter\linkResolver.cpp, line 796]

VM Operations (20 events):
Event: 14.717 Executing VM operation: G1PauseRemark
Event: 14.727 Executing VM operation: G1PauseRemark done
Event: 14.735 Executing VM operation: G1PauseCleanup
Event: 14.735 Executing VM operation: G1PauseCleanup done
Event: 15.584 Executing VM operation: HandshakeAllThreads (Deoptimize)
Event: 15.584 Executing VM operation: HandshakeAllThreads (Deoptimize) done
Event: 15.830 Executing VM operation: HandshakeAllThreads (Deoptimize)
Event: 15.831 Executing VM operation: HandshakeAllThreads (Deoptimize) done
Event: 16.147 Executing VM operation: G1CollectForAllocation (G1 Evacuation Pause)
Event: 16.158 Executing VM operation: G1CollectForAllocation (G1 Evacuation Pause) done
Event: 16.254 Executing VM operation: HandshakeAllThreads (Deoptimize)
Event: 16.254 Executing VM operation: HandshakeAllThreads (Deoptimize) done
Event: 16.263 Executing VM operation: HandshakeAllThreads (Deoptimize)
Event: 16.263 Executing VM operation: HandshakeAllThreads (Deoptimize) done
Event: 16.278 Executing VM operation: HandshakeAllThreads (Deoptimize)
Event: 16.278 Executing VM operation: HandshakeAllThreads (Deoptimize) done
Event: 16.279 Executing VM operation: HandshakeAllThreads (Deoptimize)
Event: 16.280 Executing VM operation: HandshakeAllThreads (Deoptimize) done
Event: 17.911 Executing VM operation: HandshakeAllThreads (Deoptimize)
Event: 17.911 Executing VM operation: HandshakeAllThreads (Deoptimize) done

Memory protections (0 events):
No events

Nmethod flushes (20 events):
Event: 14.726 Thread 0x000001a5ddceaa00 flushing  nmethod 0x000001a5c9d8e208
Event: 14.726 Thread 0x000001a5ddceaa00 flushing  nmethod 0x000001a5c9d9c308
Event: 14.726 Thread 0x000001a5ddceaa00 flushing  nmethod 0x000001a5c9dac708
Event: 14.726 Thread 0x000001a5ddceaa00 flushing  nmethod 0x000001a5c9dfd388
Event: 14.726 Thread 0x000001a5ddceaa00 flushing  nmethod 0x000001a5c9dfd788
Event: 14.726 Thread 0x000001a5ddceaa00 flushing  nmethod 0x000001a5c9e0a308
Event: 14.726 Thread 0x000001a5ddceaa00 flushing  nmethod 0x000001a5c9e0a688
Event: 14.726 Thread 0x000001a5ddceaa00 flushing  nmethod 0x000001a5c9e43008
Event: 14.726 Thread 0x000001a5ddceaa00 flushing  nmethod 0x000001a5c9e46388
Event: 14.726 Thread 0x000001a5ddceaa00 flushing  nmethod 0x000001a5c9e55b88
Event: 14.726 Thread 0x000001a5ddceaa00 flushing  nmethod 0x000001a5c9e58188
Event: 14.726 Thread 0x000001a5ddceaa00 flushing  nmethod 0x000001a5c9e6eb08
Event: 14.726 Thread 0x000001a5ddceaa00 flushing  nmethod 0x000001a5c9e7f708
Event: 14.726 Thread 0x000001a5ddceaa00 flushing  nmethod 0x000001a5c9e92308
Event: 14.726 Thread 0x000001a5ddceaa00 flushing  nmethod 0x000001a5c9e94188
Event: 14.726 Thread 0x000001a5ddceaa00 flushing  nmethod 0x000001a5c9e94a88
Event: 14.726 Thread 0x000001a5ddceaa00 flushing  nmethod 0x000001a5c9e94e88
Event: 14.726 Thread 0x000001a5ddceaa00 flushing  nmethod 0x000001a5c9e98088
Event: 14.726 Thread 0x000001a5ddceaa00 flushing  nmethod 0x000001a5c9eb1e88
Event: 14.726 Thread 0x000001a5ddceaa00 flushing  nmethod 0x000001a5c9eb3708

Events (20 events):
Event: 7.868 Thread 0x000001a6239f98e0 Thread exited: 0x000001a6239f98e0
Event: 8.419 Thread 0x000001a5ddd155a0 Thread added: 0x000001a62339e080
Event: 8.748 Thread 0x000001a62339e080 Thread exited: 0x000001a62339e080
Event: 9.271 Thread 0x000001a5ddd155a0 Thread added: 0x000001a62470c1f0
Event: 10.262 Thread 0x000001a62470c1f0 Thread exited: 0x000001a62470c1f0
Event: 10.329 Thread 0x000001a623ee8fd0 Thread exited: 0x000001a623ee8fd0
Event: 10.329 Thread 0x000001a623ee9cb0 Thread exited: 0x000001a623ee9cb0
Event: 10.329 Thread 0x000001a623ee9640 Thread exited: 0x000001a623ee9640
Event: 10.330 Thread 0x000001a623eea320 Thread exited: 0x000001a623eea320
Event: 10.581 Thread 0x000001a5ddd155a0 Thread added: 0x000001a6252bccc0
Event: 10.770 Thread 0x000001a6252bccc0 Thread exited: 0x000001a6252bccc0
Event: 11.065 Thread 0x000001a5ddd155a0 Thread added: 0x000001a624f67400
Event: 11.983 Thread 0x000001a624f67400 Thread exited: 0x000001a624f67400
Event: 12.583 Thread 0x000001a5ddd155a0 Thread added: 0x000001a6248a8ee0
Event: 13.032 Thread 0x000001a6248a8ee0 Thread exited: 0x000001a6248a8ee0
Event: 13.779 Thread 0x000001a5ddd155a0 Thread added: 0x000001a6245ca140
Event: 14.165 Thread 0x000001a6245ca140 Thread exited: 0x000001a6245ca140
Event: 16.341 Thread 0x000001a5ddd12930 Thread added: 0x000001a625104630
Event: 16.681 Thread 0x000001a625104630 Thread exited: 0x000001a625104630
Event: 18.037 Thread 0x000001a5ddd155a0 Thread added: 0x000001a625104630


Dynamic libraries:
0x00007ff613e00000 - 0x00007ff613e10000 	C:\Program Files\Java\jdk-23\bin\java.exe
0x00007ffed7c00000 - 0x00007ffed7e67000 	C:\WINDOWS\SYSTEM32\ntdll.dll
0x00007ffed70d0000 - 0x00007ffed7199000 	C:\WINDOWS\System32\KERNEL32.DLL
0x00007ffed5270000 - 0x00007ffed5664000 	C:\WINDOWS\System32\KERNELBASE.dll
0x00007ffed5120000 - 0x00007ffed526b000 	C:\WINDOWS\System32\ucrtbase.dll
0x00007ffecf6f0000 - 0x00007ffecf707000 	C:\Program Files\Java\jdk-23\bin\jli.dll
0x00007ffed7350000 - 0x00007ffed7515000 	C:\WINDOWS\System32\USER32.dll
0x00007ffed5960000 - 0x00007ffed5987000 	C:\WINDOWS\System32\win32u.dll
0x00007ffebb660000 - 0x00007ffebb8f3000 	C:\WINDOWS\WinSxS\amd64_microsoft.windows.common-controls_6595b64144ccf1df_6.0.26100.8115_none_3e075c82e3354f9c\COMCTL32.dll
0x00007ffed7b90000 - 0x00007ffed7bbb000 	C:\WINDOWS\System32\GDI32.dll
0x00007ffed44d0000 - 0x00007ffed45fa000 	C:\WINDOWS\System32\gdi32full.dll
0x00007ffed7020000 - 0x00007ffed70c9000 	C:\WINDOWS\System32\msvcrt.dll
0x00007ffe3b850000 - 0x00007ffe3b86b000 	C:\Program Files\Java\jdk-23\bin\VCRUNTIME140.dll
0x00007ffed57f0000 - 0x00007ffed5893000 	C:\WINDOWS\System32\msvcp_win.dll
0x00007ffed7830000 - 0x00007ffed7862000 	C:\WINDOWS\System32\IMM32.DLL
0x00007ffe83280000 - 0x00007ffe8328c000 	C:\Program Files\Java\jdk-23\bin\vcruntime140_1.dll
0x00007ffe17c00000 - 0x00007ffe17c8e000 	C:\Program Files\Java\jdk-23\bin\msvcp140.dll
0x00007ffe256f0000 - 0x00007ffe2643f000 	C:\Program Files\Java\jdk-23\bin\server\jvm.dll
0x00007ffed7920000 - 0x00007ffed79d6000 	C:\WINDOWS\System32\ADVAPI32.dll
0x00007ffed72a0000 - 0x00007ffed7347000 	C:\WINDOWS\System32\sechost.dll
0x00007ffed7710000 - 0x00007ffed7828000 	C:\WINDOWS\System32\RPCRT4.dll
0x00007ffed66d0000 - 0x00007ffed6750000 	C:\WINDOWS\System32\WS2_32.dll
0x00007ffecc1f0000 - 0x00007ffecc226000 	C:\WINDOWS\SYSTEM32\WINMM.dll
0x00007ffed4320000 - 0x00007ffed437e000 	C:\WINDOWS\SYSTEM32\POWRPROF.dll
0x00007ffecb8f0000 - 0x00007ffecb8fb000 	C:\WINDOWS\SYSTEM32\VERSION.dll
0x00007ffed4300000 - 0x00007ffed4314000 	C:\WINDOWS\SYSTEM32\UMPDC.dll
0x00007ffed3260000 - 0x00007ffed327b000 	C:\WINDOWS\SYSTEM32\kernel.appcore.dll
0x00007ffe7d9c0000 - 0x00007ffe7d9ca000 	C:\Program Files\Java\jdk-23\bin\jimage.dll
0x00007ffed22c0000 - 0x00007ffed2502000 	C:\WINDOWS\SYSTEM32\DBGHELP.DLL
0x00007ffed62c0000 - 0x00007ffed6642000 	C:\WINDOWS\System32\combase.dll
0x00007ffed6c80000 - 0x00007ffed6d57000 	C:\WINDOWS\System32\OLEAUT32.dll
0x00007ffeb8370000 - 0x00007ffeb83ab000 	C:\WINDOWS\SYSTEM32\dbgcore.DLL
0x00007ffed4fe0000 - 0x00007ffed5085000 	C:\WINDOWS\System32\bcryptPrimitives.dll
0x00007ffe3a680000 - 0x00007ffe3a69e000 	C:\Program Files\Java\jdk-23\bin\java.dll
0x00007ffed6d60000 - 0x00007ffed6ef7000 	C:\WINDOWS\System32\ole32.dll
0x00007ffed5a10000 - 0x00007ffed6176000 	C:\WINDOWS\System32\SHELL32.dll
0x00007ffed4600000 - 0x00007ffed476a000 	C:\WINDOWS\System32\wintypes.dll
0x00007ffed4770000 - 0x00007ffed4fd5000 	C:\WINDOWS\System32\windows.storage.dll
0x00007ffed71a0000 - 0x00007ffed7297000 	C:\WINDOWS\System32\SHCORE.dll
0x00007ffed7880000 - 0x00007ffed78e6000 	C:\WINDOWS\System32\shlwapi.dll
0x00007ffed43f0000 - 0x00007ffed4419000 	C:\WINDOWS\SYSTEM32\profapi.dll
0x00007ffe22d90000 - 0x00007ffe22e67000 	C:\Program Files\Java\jdk-23\bin\jsvml.dll
0x00007ffe4c890000 - 0x00007ffe4c8a0000 	C:\Program Files\Java\jdk-23\bin\net.dll
0x00007ffed37d0000 - 0x00007ffed383c000 	C:\WINDOWS\system32\mswsock.dll
0x00007ffe22720000 - 0x00007ffe22736000 	C:\Program Files\Java\jdk-23\bin\nio.dll
0x00007ffe22700000 - 0x00007ffe22717000 	C:\Program Files\Java\jdk-23\bin\zip.dll
0x00007ffe95c60000 - 0x00007ffe95c84000 	C:\Users\Anand Vaghela\.m2\wrapper\dists\apache-maven-3.9.12\59fe215c0ad6947fea90184bf7add084544567b927287592651fda3782e0e798\lib\jansi-native\Windows\x86_64\jansi.dll
0x00007ffe4a8d0000 - 0x00007ffe4a8e0000 	C:\Program Files\Java\jdk-23\bin\verify.dll
0x00007ffed3ab0000 - 0x00007ffed3acb000 	C:\WINDOWS\SYSTEM32\CRYPTSP.dll
0x00007ffed31c0000 - 0x00007ffed31f9000 	C:\WINDOWS\system32\rsaenh.dll
0x00007ffed3880000 - 0x00007ffed38b3000 	C:\WINDOWS\SYSTEM32\USERENV.dll
0x00007ffed43c0000 - 0x00007ffed43ea000 	C:\WINDOWS\SYSTEM32\bcrypt.dll
0x00007ffed3ad0000 - 0x00007ffed3adc000 	C:\WINDOWS\SYSTEM32\CRYPTBASE.dll
0x00007ffed2b30000 - 0x00007ffed2b62000 	C:\WINDOWS\SYSTEM32\IPHLPAPI.DLL
0x00007ffed7010000 - 0x00007ffed701a000 	C:\WINDOWS\System32\NSI.dll
0x00007ffed2ca0000 - 0x00007ffed2dd2000 	C:\WINDOWS\SYSTEM32\DNSAPI.dll
0x00007ffec57a0000 - 0x00007ffec57ab000 	C:\Windows\System32\rasadhlp.dll
0x00007ffecf0e0000 - 0x00007ffecf166000 	C:\WINDOWS\System32\fwpuclnt.dll
0x00007ffe498f0000 - 0x00007ffe498f9000 	C:\Program Files\Java\jdk-23\bin\extnet.dll
0x00007ffecf6e0000 - 0x00007ffecf6ee000 	C:\Program Files\Java\jdk-23\bin\sunmscapi.dll
0x00007ffed5670000 - 0x00007ffed57e7000 	C:\WINDOWS\System32\CRYPT32.dll
0x00007ffed3cd0000 - 0x00007ffed3d00000 	C:\WINDOWS\SYSTEM32\ncrypt.dll
0x00007ffed3c80000 - 0x00007ffed3cbf000 	C:\WINDOWS\SYSTEM32\NTASN1.dll

dbghelp: loaded successfully - version: 4.0.5 - missing functions: none
symbol engine: initialized successfully - sym options: 0x614 - pdb path: .;C:\Program Files\Java\jdk-23\bin;C:\WINDOWS\SYSTEM32;C:\WINDOWS\WinSxS\amd64_microsoft.windows.common-controls_6595b64144ccf1df_6.0.26100.8115_none_3e075c82e3354f9c;C:\Program Files\Java\jdk-23\bin\server;C:\Users\Anand Vaghela\.m2\wrapper\dists\apache-maven-3.9.12\59fe215c0ad6947fea90184bf7add084544567b927287592651fda3782e0e798\lib\jansi-native\Windows\x86_64

VM Arguments:
jvm_args: --enable-native-access=ALL-UNNAMED -Dclassworlds.conf=C:\Users\Anand Vaghela\.m2\wrapper\dists\apache-maven-3.9.12\59fe215c0ad6947fea90184bf7add084544567b927287592651fda3782e0e798\bin\m2.conf -Dmaven.home=C:\Users\Anand Vaghela\.m2\wrapper\dists\apache-maven-3.9.12\59fe215c0ad6947fea90184bf7add084544567b927287592651fda3782e0e798 -Dlibrary.jansi.path=C:\Users\Anand Vaghela\.m2\wrapper\dists\apache-maven-3.9.12\59fe215c0ad6947fea90184bf7add084544567b927287592651fda3782e0e798\lib\jansi-native -Dmaven.multiModuleProjectDirectory=D:\vaibhav\project\hostel-management-system\hostel-management-system 
java_command: org.codehaus.plexus.classworlds.launcher.Launcher spring-boot:run
java_class_path (initial): C:\Users\Anand Vaghela\.m2\wrapper\dists\apache-maven-3.9.12\59fe215c0ad6947fea90184bf7add084544567b927287592651fda3782e0e798\boot\plexus-classworlds-2.9.0.jar
Launcher Type: SUN_STANDARD

[Global flags]
     intx CICompilerCount                          = 4                                         {product} {ergonomic}
     uint ConcGCThreads                            = 2                                         {product} {ergonomic}
     uint G1ConcRefinementThreads                  = 8                                         {product} {ergonomic}
   size_t G1HeapRegionSize                         = 1048576                                   {product} {ergonomic}
   size_t InitialHeapSize                          = 130023424                                 {product} {ergonomic}
   size_t MarkStackSize                            = 4194304                                   {product} {ergonomic}
   size_t MarkStackSizeMax                         = 536870912                                 {product} {ergonomic}
   size_t MaxHeapSize                              = 2078277632                                {product} {ergonomic}
   size_t MaxNewSize                               = 1246756864                                {product} {ergonomic}
   size_t MinHeapDeltaBytes                        = 1048576                                   {product} {ergonomic}
   size_t MinHeapSize                              = 8388608                                   {product} {ergonomic}
    uintx NonNMethodCodeHeapSize                   = 5832704                                {pd product} {ergonomic}
    uintx NonProfiledCodeHeapSize                  = 122945536                              {pd product} {ergonomic}
    uintx ProfiledCodeHeapSize                     = 122880000                              {pd product} {ergonomic}
    uintx ReservedCodeCacheSize                    = 251658240                              {pd product} {ergonomic}
     bool SegmentedCodeCache                       = true                                      {product} {ergonomic}
   size_t SoftMaxHeapSize                          = 2078277632                             {manageable} {ergonomic}
     bool UseCompressedOops                        = true                           {product lp64_product} {ergonomic}
     bool UseG1GC                                  = true                                      {product} {ergonomic}
     bool UseLargePagesIndividualAllocation        = false                                  {pd product} {ergonomic}

Logging:
Log output configuration:
 #0: stdout all=warning uptime,level,tags foldmultilines=false
 #1: stderr all=off uptime,level,tags foldmultilines=false

Environment Variables:
PATH=C:\Program Files\Git\mingw64\bin;C:\Program Files\Git\usr\bin;C:\Users\Anand Vaghela\bin;E:\Microsoft VS Code;C:\oraclexe\app\oracle\product\10.2.0\server\bin;C:\Program Files\Common Files\Oracle\Java\javapath;C:\WINDOWS\system32;C:\WINDOWS;C:\WINDOWS\System32\Wbem;C:\WINDOWS\System32\WindowsPowerShell\v1.0;C:\WINDOWS\System32\OpenSSH;C:\Program Files\dotnet;C:\Program Files\Java\jdk-23\bin;C:\Program Files (x86)\Microsoft SQL Server\100\Tools\Binn;C:\Program Files\Microsoft SQL Server\100\Tools\Binn;C:\Program Files\Microsoft SQL Server\100\DTS\Binn;C:\Program Files\nodejs;C:\Program Files\Git\cmd;C:\ProgramData\ComposerSetup\bin;C:\Program Files\MySQL\MySQL Shell 8.0\bin;C:\Users\Anand Vaghela\AppData\Local\Programs\Python\Python313\Scripts;C:\Users\Anand Vaghela\AppData\Local\Programs\Python\Python313;C:\Users\Anand Vaghela\AppData\Local\Programs\Python\Launcher;C:\Users\Anand Vaghela\AppData\Local\Microsoft\WindowsApps;E:\Microsoft VS Code\bin;C:\Users\Anand Vaghela\Downloads\jdk-23_windows-x64_bin.zip\jdk-23.0.1\bin;C:\Users\Anand Vaghela\.dotnet\tools;C:\Users\Anand Vaghela\AppData\Roaming\npm;C:\Users\Anand Vaghela\AppData\Local\Programs\mongosh;C:\Users\Anand Vaghela\AppData\Local\Programs\cursor\resources\app\bin;C:\Users\Anand Vaghela\AppData\Local\Programs\Windsurf\bin;C:\Program Files\JetBrains\IntelliJ IDEA 2025.2.2\bin;C:\ProgramData\Anand Vaghela\GitHubDesktop\bin;C:\xampp11\php;C:\Users\Anand Vaghela\AppData\Roaming\Composer\vendor\bin;C:\Users\Anand Vaghela\AppData\Local\Programs\Antigravity\bin;C:\Users\Anand Vaghela\AppData\Roaming\npm;C:\xampp\php
USERNAME=Anand Vaghela
TERM=xterm-256color
OS=Windows_NT
PROCESSOR_IDENTIFIER=Intel64 Family 6 Model 140 Stepping 1, GenuineIntel
TMP=C:\Users\ANANDV~1\AppData\Local\Temp
TEMP=C:\Users\ANANDV~1\AppData\Local\Temp




Periodic native trim disabled

---------------  S Y S T E M  ---------------

OS:
 Windows 11 , 64 bit Build 26100 (10.0.26100.8115)
OS uptime: 0 days 3:20 hours
Hyper-V role detected

CPU: total 8 (initial active 8) (4 cores per cpu, 2 threads per core) family 6 model 140 stepping 1 microcode 0xbe, cx8, cmov, fxsr, ht, mmx, 3dnowpref, sse, sse2, sse3, ssse3, sse4.1, sse4.2, popcnt, lzcnt, tsc, tscinvbit, avx, avx2, aes, erms, clmul, bmi1, bmi2, adx, avx512f, avx512dq, avx512cd, avx512bw, avx512vl, sha, fma, vzeroupper, avx512_vpopcntdq, avx512_vpclmulqdq, avx512_vaes, avx512_vnni, clflush, clflushopt, clwb, avx512_vbmi2, avx512_vbmi, hv, rdtscp, rdpid, fsrm, gfni, avx512_bitalg, f16c, cet_ibt, cet_ss, avx512_ifma
Processor Information for the first 8 processors :
  Max Mhz: 2419, Current Mhz: 2419, Mhz Limit: 2419

Memory: 4k page, system-wide physical 7926M (516M free)
TotalPageFile size 26703M (AvailPageFile size 77M)
current process WorkingSet (physical memory assigned to process): 228M, peak: 228M
current process commit charge ("private bytes"): 261M, peak: 268M

vm_info: Java HotSpot(TM) 64-Bit Server VM (23.0.1+11-39) for windows-amd64 JRE (23.0.1+11-39), built on 2024-09-30T07:20:43Z with MS VC++ 17.6 (VS2022)

END.
